<?xml version="1.0" encoding="UTF-8"?>
<!-- Generated by org.testng.reporters.JUnitReportReporter -->
<testsuite name="mysql_all_test.MySQL_connection" tests="1" time="18.568" ignored="0" failures="0" timestamp="10 Apr 2018 10:11:51 GMT" skipped="0" hostname="INFVA1158" errors="0">
  <testcase name="mysqltest" time="18.568" classname="mysql_all_test.MySQL_connection"/>
</testsuite> <!-- mysql_all_test.MySQL_connection -->
