<?xml version="1.0" encoding="UTF-8"?>
<!-- Generated by org.testng.reporters.JUnitReportReporter -->
<testsuite name="SikuliTest.sikuli.chromeLaunch" tests="1" time="39.185" ignored="0" failures="0" timestamp="03 Apr 2018 09:21:18 GMT" skipped="0" hostname="INFVA1158" errors="0">
  <testcase name="b" time="39.185" classname="SikuliTest.sikuli.chromeLaunch"/>
</testsuite> <!-- SikuliTest.sikuli.chromeLaunch -->
