<?xml version="1.0" encoding="UTF-8"?>
<!-- Generated by org.testng.reporters.JUnitReportReporter -->
<testsuite name="SikuliTest.sikuli.launchTab" tests="1" time="42.275" ignored="0" failures="0" timestamp="05 Apr 2018 10:13:21 GMT" skipped="0" hostname="INFVA1158" errors="0">
  <testcase name="mysqltest" time="42.275" classname="SikuliTest.sikuli.launchTab"/>
</testsuite> <!-- SikuliTest.sikuli.launchTab -->
