<?xml version="1.0" encoding="UTF-8"?>
<!-- Generated by org.testng.reporters.JUnitReportReporter -->
<testsuite name="SikuliTest.sikuli.launchTab" tests="1" time="44.831" ignored="0" failures="0" timestamp="11 Apr 2018 08:54:22 GMT" skipped="0" hostname="INFVA1158" errors="0">
  <testcase name="mysqltest" time="44.831" classname="SikuliTest.sikuli.launchTab"/>
</testsuite> <!-- SikuliTest.sikuli.launchTab -->
