<?xml version="1.0" encoding="UTF-8"?>
<!-- Generated by org.testng.reporters.JUnitReportReporter -->
<testsuite name="SikuliTest.sikuli.MySQL_connection" tests="1" time="19.385" ignored="0" failures="0" timestamp="10 Apr 2018 09:40:01 GMT" skipped="0" hostname="INFVA1158" errors="0">
  <testcase name="mysqltest" time="19.385" classname="SikuliTest.sikuli.MySQL_connection"/>
</testsuite> <!-- SikuliTest.sikuli.MySQL_connection -->
